<?xml version="1.0" encoding="UTF-8"?>
<!-- Generated by org.testng.reporters.JUnitXMLReporter -->
<testsuite hostname="ASDW1256" ignored="0" name="Default test" tests="10" failures="0" timestamp="09 Jul 2018 07:56:49 GMT" time="0.073" errors="0">
  <testcase name="Test10_Rotate_Array" time="0.016" classname="testquestion1.Test_MyCollection"/>
  <testcase name="Test1_Able_To_Add_New_Entry_In_Collection" time="0.0" classname="testquestion1.Test_MyCollection"/>
  <testcase name="Test2_Duplicate_Entry_In_Collection" time="0.0" classname="testquestion1.Test_MyCollection"/>
  <testcase name="Test3_Get_Collection_Functionality" time="0.0" classname="testquestion1.Test_MyCollection"/>
  <testcase name="Test4_DoubleCapacity" time="0.0" classname="testquestion1.Test_MyCollection"/>
  <testcase name="Test5_Remove_Functionality_If_Entry_Already_Present" time="0.0" classname="testquestion1.Test_MyCollection"/>
  <testcase name="Test6_Remove_Functionality_If_Collection_Is_Empty" time="0.0" classname="testquestion1.Test_MyCollection"/>
  <testcase name="Test7_Collection_Length_Functionality" time="0.0" classname="testquestion1.Test_MyCollection"/>
  <testcase name="Test8_Search_Functionality_If_Enrty_Exists" time="0.0" classname="testquestion1.Test_MyCollection"/>
  <testcase name="Test9_Search_Functionality_If_Enrty_Not_Exists" time="0.0" classname="testquestion1.Test_MyCollection"/>
</testsuite> <!-- Default test -->
